<?xml version="1.0" encoding="UTF-8"?>
<!-- Generated by org.testng.reporters.JUnitReportReporter -->
<testsuite hostname="LAPTOP-V6K3QTEF" name="com.revature.runners.TestNGRunner" tests="1" failures="0" timestamp="3 Jun 2018 21:39:50 GMT" time="813.968" errors="0">
  <testcase name="feature" time="813.968" classname="com.revature.runners.TestNGRunner"/>
</testsuite> <!-- com.revature.runners.TestNGRunner -->
