<?xml version="1.0" encoding="UTF-8"?>
<!-- Generated by org.testng.reporters.JUnitReportReporter -->
<testsuite hostname="LAPTOP-V6K3QTEF" name="com.revature.runners.TestNGRunner" tests="1" failures="0" timestamp="28 May 2018 15:08:47 GMT" time="14.184" errors="0">
  <testcase name="feature" time="14.184" classname="com.revature.runners.TestNGRunner"/>
</testsuite> <!-- com.revature.runners.TestNGRunner -->
