<?xml version="1.0" encoding="UTF-8"?>
<!-- Generated by org.testng.reporters.JUnitReportReporter -->
<testsuite hostname="LAPTOP-V6K3QTEF" name="com.revature.runners.TestNGRunner" tests="2" failures="0" timestamp="26 May 2018 14:21:12 GMT" time="177.047" errors="0">
  <testcase name="feature" time="54.201" classname="com.revature.runners.TestNGRunner"/>
  <testcase name="feature" time="122.846" classname="com.revature.runners.TestNGRunner"/>
</testsuite> <!-- com.revature.runners.TestNGRunner -->
