<?xml version="1.0" encoding="UTF-8"?>
<!-- Generated by org.testng.reporters.JUnitReportReporter -->
<testsuite hostname="LAPTOP-V6K3QTEF" name="com.revature.runners.TestNGRunner" tests="1" failures="0" timestamp="29 May 2018 16:26:57 GMT" time="9.170" errors="0">
  <testcase name="feature" time="9.170" classname="com.revature.runners.TestNGRunner"/>
</testsuite> <!-- com.revature.runners.TestNGRunner -->
